<?xml version="1.0" encoding="UTF-8"?>
<!-- Generated by org.testng.reporters.JUnitReportReporter -->
<testsuite hostname="Sugi" failures="0" tests="2" name="Selenium_Test.SeleniumGrid_LaunchBrowser" time="7.743" errors="0" timestamp="2025-06-09T18:59:25 EDT" skipped="0">
  <testcase classname="Selenium_Test.SeleniumGrid_LaunchBrowser" name="Test01_Chorome" time="3.762"/>
  <testcase classname="Selenium_Test.SeleniumGrid_LaunchBrowser" name="Test02_Edge" time="3.981"/>
</testsuite> <!-- Selenium_Test.SeleniumGrid_LaunchBrowser -->
