<?xml version="1.0" encoding="UTF-8"?>
<!-- Generated by org.testng.reporters.JUnitReportReporter -->
<testsuite hostname="Sugi" failures="0" tests="1" name="Selenium_Test.SeleniumGrid_BrowserStack" time="11.741" errors="0" timestamp="2025-06-09T21:10:04 EDT" skipped="0">
  <testcase classname="Selenium_Test.SeleniumGrid_BrowserStack" name="Test01_Login" time="11.741"/>
</testsuite> <!-- Selenium_Test.SeleniumGrid_BrowserStack -->
