<?xml version="1.0" encoding="UTF-8"?>
<!-- Generated by org.testng.reporters.JUnitReportReporter -->
<testsuite hostname="Sugi" failures="0" tests="1" name="Selenium_Test.TC_05_SeleniumGrid_BrowserStack" time="10.046" errors="0" timestamp="2025-07-02T18:00:25 EDT" skipped="0">
  <testcase classname="Selenium_Test.TC_05_SeleniumGrid_BrowserStack" name="Test01_Login" time="10.046"/>
</testsuite> <!-- Selenium_Test.TC_05_SeleniumGrid_BrowserStack -->
