<?xml version="1.0" encoding="UTF-8"?>
<!-- Generated by org.testng.reporters.JUnitReportReporter -->
<testsuite hostname="Sugi" failures="0" tests="1" name="Selenium_Test.TC_04_SeleniumGrid_ParallelExecution" time="4.315" errors="0" timestamp="2025-07-03T18:20:07 EDT" skipped="0">
  <testcase classname="Selenium_Test.TC_04_SeleniumGrid_ParallelExecution" name="Test01_Login" time="4.315"/>
</testsuite> <!-- Selenium_Test.TC_04_SeleniumGrid_ParallelExecution -->
