<?xml version="1.0" encoding="UTF-8"?>
<!-- Generated by org.testng.reporters.JUnitReportReporter -->
<testsuite hostname="Sugi" failures="0" tests="2" name="Selenium_Test.TC_03_SeleniumGrid_LaunchBrowser" time="6.346" errors="0" timestamp="2025-07-03T18:20:07 EDT" skipped="0">
  <testcase classname="Selenium_Test.TC_03_SeleniumGrid_LaunchBrowser" name="Test02_Edge" time="3.348"/>
  <testcase classname="Selenium_Test.TC_03_SeleniumGrid_LaunchBrowser" name="Test01_Chorome" time="2.998"/>
</testsuite> <!-- Selenium_Test.TC_03_SeleniumGrid_LaunchBrowser -->
