<?xml version="1.0" encoding="UTF-8"?>
<!-- Generated by org.testng.reporters.JUnitReportReporter -->
<testsuite hostname="Sugi" failures="0" tests="1" name="Selenium_Test.BrowserStack_ParallelExecution" time="19.313" errors="0" timestamp="2025-06-09T21:10:04 EDT" skipped="0">
  <testcase classname="Selenium_Test.BrowserStack_ParallelExecution" name="Test01_Firefox" time="19.313"/>
</testsuite> <!-- Selenium_Test.BrowserStack_ParallelExecution -->
