<?xml version="1.0" encoding="UTF-8"?>
<!-- Generated by org.testng.reporters.JUnitReportReporter -->
<testsuite hostname="Sugi" failures="0" tests="1" name="Selenium_Test.SeleniumGrid_ParallelExecution" time="9.896" errors="0" timestamp="2025-06-09T18:59:25 EDT" skipped="0">
  <testcase classname="Selenium_Test.SeleniumGrid_ParallelExecution" name="Test01_Login" time="9.896"/>
</testsuite> <!-- Selenium_Test.SeleniumGrid_ParallelExecution -->
