<?xml version="1.0" encoding="UTF-8"?>
<!-- Generated by org.testng.reporters.JUnitReportReporter -->
<testsuite hostname="Sugi" failures="0" tests="1" name="Selenium_Test.TC_06_BrowserStack_ParallelExecution" time="20.845" errors="0" timestamp="2025-07-02T18:00:25 EDT" skipped="0">
  <testcase classname="Selenium_Test.TC_06_BrowserStack_ParallelExecution" name="Test01_Firefox" time="20.845"/>
</testsuite> <!-- Selenium_Test.TC_06_BrowserStack_ParallelExecution -->
