<?xml version="1.0" encoding="UTF-8"?>
<!-- Generated by org.testng.reporters.JUnitReportReporter -->
<testsuite hostname="Sugi" failures="0" tests="1" name="RestAssured_Test.Test02_POST" time="2.910" errors="0" timestamp="2025-05-21T14:28:19 EDT" skipped="0">
  <testcase classname="RestAssured_Test.Test02_POST" name="test_01" time="2.910"/>
</testsuite> <!-- RestAssured_Test.Test02_POST -->
