<?xml version="1.0" encoding="UTF-8"?>
<!-- Generated by org.testng.reporters.JUnitReportReporter -->
<testsuite hostname="Sugi" failures="0" tests="1" name="RestAssured_Test.Test05_Patch" time="2.940" errors="0" timestamp="2025-05-21T14:35:52 EDT" skipped="0">
  <testcase classname="RestAssured_Test.Test05_Patch" name="test_01" time="2.940"/>
</testsuite> <!-- RestAssured_Test.Test05_Patch -->
