<?xml version="1.0" encoding="UTF-8"?>
<!-- Generated by org.testng.reporters.JUnitReportReporter -->
<testsuite hostname="Sugi" failures="0" tests="1" name="RestAssured_Test.Test02_POST" time="3.708" errors="0" timestamp="2025-05-21T16:16:06 EDT" skipped="0">
  <testcase classname="RestAssured_Test.Test02_POST" name="test_01" time="3.708"/>
</testsuite> <!-- RestAssured_Test.Test02_POST -->
