<?xml version="1.0" encoding="UTF-8"?>
<!-- Generated by org.testng.reporters.JUnitReportReporter -->
<testsuite hostname="Sugi" failures="0" tests="1" name="RestAssured_Test.Test01_GET" time="3.260" errors="0" timestamp="2025-06-08T15:58:36 EDT" skipped="0">
  <testcase classname="RestAssured_Test.Test01_GET" name="test_02" time="3.260"/>
</testsuite> <!-- RestAssured_Test.Test01_GET -->
