<?xml version="1.0" encoding="UTF-8"?>
<!-- Generated by org.testng.reporters.JUnitReportReporter -->
<testsuite hostname="Sugi" failures="0" tests="3" name="RestAssured_Test.Test07_PostWithExcelData" time="13.328" errors="0" timestamp="2025-06-06T16:19:21 EDT" skipped="0">
  <testcase classname="RestAssured_Test.Test07_PostWithExcelData" name="test_01" time="12.064"/>
  <testcase classname="RestAssured_Test.Test07_PostWithExcelData" name="test_01" time="0.671"/>
  <testcase classname="RestAssured_Test.Test07_PostWithExcelData" name="test_01" time="0.593"/>
</testsuite> <!-- RestAssured_Test.Test07_PostWithExcelData -->
