<?xml version="1.0" encoding="UTF-8"?>
<!-- Generated by org.testng.reporters.JUnitReportReporter -->
<testsuite hostname="Sugi" failures="0" tests="1" name="RestAssured_Test.Test04_Put" time="2.785" errors="0" timestamp="2025-05-21T14:31:46 EDT" skipped="0">
  <testcase classname="RestAssured_Test.Test04_Put" name="test_01" time="2.785"/>
</testsuite> <!-- RestAssured_Test.Test04_Put -->
