<?xml version="1.0" encoding="UTF-8"?>
<!-- Generated by org.testng.reporters.JUnitReportReporter -->
<testsuite hostname="Sugi" failures="0" tests="1" name="RestAssured_Test.Test01_GET" time="2.587" errors="0" timestamp="2025-05-21T13:57:27 EDT" skipped="0">
  <testcase classname="RestAssured_Test.Test01_GET" name="test_01" time="2.587"/>
</testsuite> <!-- RestAssured_Test.Test01_GET -->
