<?xml version="1.0" encoding="UTF-8"?>
<!-- Generated by org.testng.reporters.JUnitReportReporter -->
<testsuite hostname="Sugi" failures="0" tests="1" name="RestAssured_Test.Test01_GET" time="17.868" errors="0" timestamp="2025-05-21T16:20:22 EDT" skipped="0">
  <testcase classname="RestAssured_Test.Test01_GET" name="test_02" time="17.868"/>
</testsuite> <!-- RestAssured_Test.Test01_GET -->
