<?xml version="1.0" encoding="UTF-8"?>
<!-- Generated by org.testng.reporters.JUnitReportReporter -->
<testsuite hostname="Sugi" failures="0" tests="2" name="RestAssured_Test.Test06_ParamHandling" time="2.975" errors="0" timestamp="2025-06-05T18:15:47 EDT" skipped="0">
  <testcase classname="RestAssured_Test.Test06_ParamHandling" name="test_01" time="2.566"/>
  <testcase classname="RestAssured_Test.Test06_ParamHandling" name="test_01" time="0.409"/>
</testsuite> <!-- RestAssured_Test.Test06_ParamHandling -->
